00[DMN] Starting IKE charon daemon (strongSwan 6.0.0, Linux 6.13.2-arch1-1, x86_64)
00[LIB] providers loaded by OpenSSL: legacy default
00[DMN] !!
00[DMN] !! WARNING: SAVING IKE AND ESP KEYS TO '/var/log'
00[DMN] !!
00[LIB] loaded plugins: charon random nonce openssl pem pkcs1 curl vici kernel-netlink socket-default updown pubkey save-keys
00[DMN] removing pidfile '/var/run/charon.pid', process not running
00[JOB] spawning 16 worker threads
00[DMN] executing start script 'swanctl' (swanctl --load-all --noprompt)
07[CFG] loaded certificate 'CN=Docker Peer'
12[CFG] loaded certificate 'CN=Test CA'
15[LIB]   file coded in unknown format, discarded
15[LIB] building CRED_CERTIFICATE - X509 failed, tried 2 builders
08[CFG] loaded certificate '2a:9c:64:70:3d:42:4a:da:1f:3f:44:33:ff:c2:d2:24:e8:fd:73:74'
11[CFG] loaded certificate 'b6:f0:65:cc:7b:da:73:07:0a:df:3c:27:bf:74:97:c1:49:1d:d0:5b'
01[CFG] loaded ANY private key
07[CFG] loaded ANY private key
12[CFG] added vici connection: minimal
01[CFG]   id not specified, defaulting to cert subject 'CN=Docker Peer'
01[CFG] added vici connection: certificate
00[DMN] swanctl: loaded certificate from '/etc/swanctl/x509/my-local-cert.pem'
00[DMN] swanctl: loaded certificate from '/etc/swanctl/x509ca/ca-cert.pem'
00[DMN] swanctl: loaded certificate from '/etc/swanctl/pubkey/my-local-key.pem'
00[DMN] swanctl: loaded certificate from '/etc/swanctl/pubkey/peer.pem'
00[DMN] swanctl: loaded private key from '/etc/swanctl/private/my-local-key.pem'
00[DMN] swanctl: loaded private key from '/etc/swanctl/private/ca-key.pem'
00[DMN] swanctl: no authorities found, 0 unloaded
00[DMN] swanctl: no pools found, 0 unloaded
00[DMN] swanctl: loaded connection 'minimal'
00[DMN] swanctl: loaded connection 'certificate'
00[DMN] swanctl: successfully loaded 2 connections, 0 unloaded
08[MGR] checkout IKEv2 SA by message with SPIs 687c1bc725c90650_i 0000000000000000_r
08[MGR] created IKE_SA (unnamed)[1]
08[NET] received packet: from 127.0.0.1[49867] to 127.0.0.1[500] (152 bytes)
08[ENC] parsed IKE_SA_INIT request 0 [ SA KE No ]
08[IKE] local endpoint changed from 0.0.0.0[500] to 127.0.0.1[500]
08[IKE] remote endpoint changed from 0.0.0.0 to 127.0.0.1[49867]
08[IKE] 127.0.0.1 is initiating an IKE_SA
08[IKE] IKE_SA (unnamed)[1] state change: CREATED => CONNECTING
08[CFG] selected proposal: IKE:AES_CBC_128/HMAC_SHA1_96/PRF_HMAC_SHA1/CURVE_25519
08[IKE] natd_chunk => 22 bytes @ 0x7ebf68040800
08[IKE]    0: 68 7C 1B C7 25 C9 06 50 00 00 00 00 00 00 00 00  h|..%..P........
08[IKE]   16: 7F 00 00 01 01 F4                                ......
08[IKE] natd_hash => 20 bytes @ 0x7ebf68040750
08[IKE]    0: A3 BE 97 EF 8B 18 48 B8 E1 7B BE 1A D5 83 EB F2  ......H..{......
08[IKE]   16: 1A 37 15 1D                                      .7..
08[IKE] natd_chunk => 22 bytes @ 0x7ebf68040800
08[IKE]    0: 68 7C 1B C7 25 C9 06 50 00 00 00 00 00 00 00 00  h|..%..P........
08[IKE]   16: 7F 00 00 01 C2 CB                                ......
08[IKE] natd_hash => 20 bytes @ 0x7ebf68040770
08[IKE]    0: 5C A2 A1 0A 94 0D FD 4C 2C E3 7E 4C 26 0F 20 D7  \......L,.~L&. .
08[IKE]   16: 2E 19 1C F7                                      ....
08[IKE] precalculated src_hash => 20 bytes @ 0x7ebf68040770
08[IKE]    0: 5C A2 A1 0A 94 0D FD 4C 2C E3 7E 4C 26 0F 20 D7  \......L,.~L&. .
08[IKE]   16: 2E 19 1C F7                                      ....
08[IKE] precalculated dst_hash => 20 bytes @ 0x7ebf68040750
08[IKE]    0: A3 BE 97 EF 8B 18 48 B8 E1 7B BE 1A D5 83 EB F2  ......H..{......
08[IKE]   16: 1A 37 15 1D                                      .7..
08[ENC] generating IKE_SA_INIT response 0 [ SA KE No N(CHDLESS_SUP) ]
08[NET] sending packet: from 127.0.0.1[500] to 127.0.0.1[49867] (160 bytes)
08[MGR] checkin IKEv2 SA (unnamed)[1] with SPIs 687c1bc725c90650_i 1200d24549e2c79c_r
08[MGR] checkin of IKE_SA successful
10[MGR] checkout IKEv2 SA by message with SPIs 687c1bc725c90650_i 1200d24549e2c79c_r
10[MGR] IKE_SA (unnamed)[1] successfully checked out
10[NET] received packet: from 127.0.0.1[49867] to 127.0.0.1[500] (152 bytes)
10[IKE] key exchange secret => 32 bytes @ 0x7ebf5c004770
10[IKE]    0: 12 A8 04 BB 9F D4 46 E3 40 1F E6 6F 45 A6 A4 67  ......F.@..oE..g
10[IKE]   16: 3D D1 57 61 64 30 8F AF 08 FA CE 50 9C 68 C0 4D  =.Wad0.....P.h.M
10[IKE] additional key exchange secret => 0 bytes @ (nil)
10[IKE] nonces => 64 bytes @ 0x7ebf5c005e00
10[IKE]    0: 55 69 0A E6 25 16 CC E3 77 D3 E9 EB 32 64 DE 99  Ui..%...w...2d..
10[IKE]   16: 40 A6 B9 4B 59 A9 2A BE 54 BC 3A 3A 72 F4 BB 6A  @..KY.*.T.::r..j
10[IKE]   32: E2 9D 35 20 6A 63 64 C3 35 16 EF 5F 2D 40 13 66  ..5 jcd.5.._-@.f
10[IKE]   48: 70 FB F3 2B A1 95 88 A3 5B 19 99 B3 D2 71 15 20  p..+....[....q. 
10[IKE] SKEYSEED => 20 bytes @ 0x7ebf5c006e50
10[IKE]    0: AD 7B A2 52 78 87 49 19 0E AD 08 D9 D8 D4 D9 2C  .{.Rx.I........,
10[IKE]   16: EE D6 E2 79                                      ...y
10[IKE] Sk_d secret => 20 bytes @ 0x7ebf5c009350
10[IKE]    0: 45 F3 93 E2 1C AE DD 0E D3 6C 22 1C 45 B7 BB 6B  E........l".E..k
10[IKE]   16: 22 6B 10 2E                                      "k..
10[IKE] Sk_ai secret => 20 bytes @ 0x7ebf5c009384
10[IKE]    0: 9C C1 CA 93 FF 06 61 EA 0B E7 DD E2 2B AF 52 5A  ......a.....+.RZ
10[IKE]   16: A1 87 45 EB                                      ..E.
10[IKE] Sk_ar secret => 20 bytes @ 0x7ebf5c009398
10[IKE]    0: 06 D6 C1 AB C9 BD 6A 36 62 F6 AB 3E 5E 8E 27 3D  ......j6b..>^.'=
10[IKE]   16: 6E 84 09 78                                      n..x
10[IKE] Sk_ei secret => 16 bytes @ 0x7ebf5c0093ac
10[IKE]    0: 96 7B 9F DA 23 97 3D F1 A7 FD CA A2 C9 FE 21 C3  .{..#.=.......!.
10[IKE] Sk_er secret => 16 bytes @ 0x7ebf5c0093bc
10[IKE]    0: 82 A6 26 01 C2 06 7A F7 6A 7E 8B D8 08 0A C4 5B  ..&...z.j~.....[
10[IKE] Sk_pi secret => 20 bytes @ 0x7ebf5c006e50
10[IKE]    0: 1C 95 9B A4 8D B8 04 8A B2 D0 EB 76 1F E3 DE 85  ...........v....
10[IKE]   16: 37 69 6B 7D                                      7ik}
10[IKE] Sk_pr secret => 20 bytes @ 0x7ebf5c009400
10[IKE]    0: A8 F2 6D 50 A5 96 ED 9E E7 AE D2 3F 60 71 48 FF  ..mP.......?`qH.
10[IKE]   16: DC 74 FF 4D                                      .t.M
10[ENC] payload type SECURITY_ASSOCIATION could not be parsed
10[IKE] message parsing failed
10[ENC] generating IKE_AUTH response 1 [ N(INVAL_SYN) ]
10[NET] sending packet: from 127.0.0.1[500] to 127.0.0.1[49867] (76 bytes)
10[IKE] IKE_AUTH request with message ID 1 processing failed
10[MGR] checkin and destroy IKE_SA (unnamed)[1]
10[IKE] IKE_SA (unnamed)[1] state change: CONNECTING => DESTROYING
10[MGR] checkin and destroy of IKE_SA successful
11[MGR] checkout IKEv2 SA with SPIs 687c1bc725c90650_i 1200d24549e2c79c_r
11[MGR] IKE_SA checkout not successful
